#
# A fatal error has been detected by the Java Runtime Environment:
#
#  Internal Error (javaClasses.cpp:129), pid=4356, tid=2556
#  fatal error: Invalid layout of preloaded class
#
# JRE version: 7.0_09-b05
# Java VM: Java HotSpot(TM) Client VM (23.5-b02 mixed mode windows-x86 )
# Failed to write core dump. Minidumps are not enabled by default on client versions of Windows
#
# If you would like to submit a bug report, please visit:
#   http://bugreport.sun.com/bugreport/crash.jsp
#

---------------  T H R E A D  ---------------

Current thread (0x009ea800):  JavaThread "Unknown thread" [_thread_in_vm, id=2556, stack(0x006f0000,0x00740000)]

Stack: [0x006f0000,0x00740000],  sp=0x0073f8b0,  free space=318k
Native frames: (J=compiled Java code, j=interpreted, Vv=VM code, C=native code)
V  [jvm.dll+0x16f2f1]
V  [jvm.dll+0x169496]
V  [jvm.dll+0x2082f]
V  [jvm.dll+0x208b6]
V  [jvm.dll+0x2e64d]
V  [jvm.dll+0x2e8f9]
V  [jvm.dll+0x77d01]
V  [jvm.dll+0x780bb]
V  [jvm.dll+0x1290e1]
V  [jvm.dll+0x149b8a]
V  [jvm.dll+0xa997f]
C  [javaw.exe+0x1359]
C  [javaw.exe+0x1dbb]
C  [javaw.exe+0xa0eb]
C  [javaw.exe+0xa175]
C  [KERNEL32.DLL+0x17ad]  BaseThreadInitThunk+0x12
C  [ntdll.dll+0x3db0e]  RtlReleasePath+0x8e
C  [ntdll.dll+0x3dae7]  RtlReleasePath+0x67


---------------  P R O C E S S  ---------------

Java Threads: ( => current thread )

Other Threads:

=>0x009ea800 (exited) JavaThread "Unknown thread" [_thread_in_vm, id=2556, stack(0x006f0000,0x00740000)]

VM state:not at safepoint (not fully initialized)

VM Mutex/Monitor currently owned by a thread: None

GC Heap History (0 events):
No events

Deoptimization events (0 events):
No events

Internal exceptions (0 events):
No events

Events (10 events):
Event: 0.080 loading class 0x00834058 done
Event: 0.081 loading class 0x008155f0 done
Event: 0.081 loading class 0x008152f8
Event: 0.081 loading class 0x0083be70
Event: 0.101 loading class 0x0083be70 done
Event: 0.101 loading class 0x0083bcb0
Event: 0.102 loading class 0x0083bcb0 done
Event: 0.102 loading class 0x008857a8
Event: 0.102 loading class 0x008857a8 done
Event: 0.102 loading class 0x008152f8 done


Dynamic libraries:
0x01040000 - 0x0106f000 	C:\Program Files\Java\jre7\bin\javaw.exe
0x77200000 - 0x77365000 	C:\Windows\SYSTEM32\ntdll.dll
0x75530000 - 0x75629000 	C:\Windows\system32\KERNEL32.DLL
0x74f60000 - 0x75032000 	C:\Windows\system32\KERNELBASE.dll
0x73c20000 - 0x73cb9000 	C:\Windows\system32\apphelp.dll
0x6b770000 - 0x6b9c9000 	C:\Windows\AppPatch\AcGenral.DLL
0x76890000 - 0x7694e000 	C:\Windows\system32\msvcrt.dll
0x77020000 - 0x7705e000 	C:\Windows\SYSTEM32\sechost.dll
0x74a80000 - 0x74aa2000 	C:\Windows\SYSTEM32\SspiCli.dll
0x76a20000 - 0x76a61000 	C:\Windows\system32\SHLWAPI.dll
0x73d40000 - 0x73e21000 	C:\Windows\SYSTEM32\UxTheme.dll
0x76e40000 - 0x76f8b000 	C:\Windows\system32\USER32.dll
0x75210000 - 0x75319000 	C:\Windows\system32\GDI32.dll
0x6ab90000 - 0x6abb0000 	C:\Windows\SYSTEM32\WINMM.dll
0x70760000 - 0x70772000 	C:\Windows\SYSTEM32\samcli.dll
0x77060000 - 0x7716c000 	C:\Windows\system32\ole32.dll
0x76f90000 - 0x77017000 	C:\Windows\system32\OLEAUT32.dll
0x6b750000 - 0x6b765000 	C:\Windows\SYSTEM32\MSACM32.dll
0x6c890000 - 0x6c898000 	C:\Windows\SYSTEM32\VERSION.dll
0x756d0000 - 0x76890000 	C:\Windows\system32\SHELL32.dll
0x74430000 - 0x74449000 	C:\Windows\SYSTEM32\USERENV.dll
0x72320000 - 0x72338000 	C:\Windows\SYSTEM32\dwmapi.dll
0x6efe0000 - 0x6f108000 	C:\Windows\SYSTEM32\urlmon.dll
0x76d30000 - 0x76da8000 	C:\Windows\system32\ADVAPI32.dll
0x68b50000 - 0x68bae000 	C:\Windows\SYSTEM32\WINSPOOL.DRV
0x6c870000 - 0x6c884000 	C:\Windows\SYSTEM32\MPR.dll
0x76950000 - 0x76a14000 	C:\Windows\system32\RPCRT4.dll
0x76ac0000 - 0x76c0e000 	C:\Windows\SYSTEM32\combase.dll
0x6ab70000 - 0x6ab90000 	C:\Windows\SYSTEM32\WINMMBASE.dll
0x74c50000 - 0x74c5e000 	C:\Windows\SYSTEM32\profapi.dll
0x6e970000 - 0x6eb8a000 	C:\Windows\SYSTEM32\iertutil.dll
0x6e7b0000 - 0x6e96d000 	C:\Windows\SYSTEM32\WININET.dll
0x74f20000 - 0x74f5a000 	C:\Windows\SYSTEM32\cfgmgr32.dll
0x73e40000 - 0x73e5f000 	C:\Windows\SYSTEM32\DEVOBJ.dll
0x75640000 - 0x756b6000 	C:\Windows\system32\SHCORE.DLL
0x76e00000 - 0x76e25000 	C:\Windows\system32\IMM32.DLL
0x76c10000 - 0x76d07000 	C:\Windows\system32\MSCTF.dll
0x71ff0000 - 0x721d6000 	C:\Windows\WinSxS\x86_microsoft.windows.common-controls_6595b64144ccf1df_6.0.9600.17031_none_a9efdb8b01377ea7\COMCTL32.dll
0x62f60000 - 0x6301e000 	C:\Program Files\Java\jre7\bin\msvcr100.dll
0x5d560000 - 0x5d8ad000 	C:\Program Files\Java\jre7\bin\client\jvm.dll
0x6c830000 - 0x6c838000 	C:\Windows\SYSTEM32\WSOCK32.dll
0x75630000 - 0x75636000 	C:\Windows\system32\PSAPI.DLL
0x76a70000 - 0x76abd000 	C:\Windows\system32\WS2_32.dll
0x756c0000 - 0x756c7000 	C:\Windows\system32\NSI.dll
0x6c860000 - 0x6c86c000 	C:\Program Files\Java\jre7\bin\verify.dll
0x67210000 - 0x67230000 	C:\Program Files\Java\jre7\bin\java.dll
0x662e0000 - 0x662f3000 	C:\Program Files\Java\jre7\bin\zip.dll
0x6a590000 - 0x6a6d8000 	C:\Windows\SYSTEM32\dbghelp.dll

VM Arguments:
jvm_args: -Dfile.encoding=Cp1252 -Xbootclasspath:C:\Software\adt-bundle-windows-x86-20140321\sdk\platforms\android-19\android.jar 
java_command: com.madhawi.pitchit.FFT
Launcher Type: SUN_STANDARD

Environment Variables:
PATH=C:/Program Files/Java/jre7/bin/client;C:/Program Files/Java/jre7/bin;C:/Program Files/Java/jre7/lib/i386;C:\Program Files\AMD APP\bin\x86;C:\Windows\system32;C:\Windows;C:\Windows\System32\Wbem;C:\Windows\System32\WindowsPowerShell\v1.0\;C:\Program Files\Microsoft\Web Platform Installer\;C:\Program Files\Microsoft ASP.NET\ASP.NET Web Pages\v1.0\;C:\Program Files\Microsoft SQL Server\110\Tools\Binn\;C:\Program Files\Intel\OpenCL SDK\2.0\bin\x86;C:\Program Files\Windows Kits\8.1\Windows Performance Toolkit\;C:\Software\adt-bundle-windows-x86-20140321\eclipse;
USERNAME=Admin
OS=Windows_NT
PROCESSOR_IDENTIFIER=x86 Family 6 Model 42 Stepping 7, GenuineIntel



---------------  S Y S T E M  ---------------

OS: Windows 8 Build 9200 

CPU:total 2 (2 cores per cpu, 1 threads per core) family 6 model 42 stepping 7, cmov, cx8, fxsr, mmx, sse, sse2, sse3, ssse3, sse4.1, sse4.2, popcnt, tsc, tscinvbit

Memory: 4k page, physical 1939308k(125556k free), swap 3315564k(630192k free)

vm_info: Java HotSpot(TM) Client VM (23.5-b02) for windows-x86 JRE (1.7.0_09-b05), built on Sep 24 2012 22:01:33 by "java_re" with unknown MS VC++:1600

time: Tue Aug 26 11:29:43 2014
elapsed time: 0 seconds

